This is pdfTeX, Version 3.14159265-2.6-1.40.21 (TeX Live 2020) (preloaded format=pdflatex 2020.4.7)  22 FEB 2023 19:13
entering extended mode
 restricted \write18 enabled.
 %&-line parsing enabled.
**Random-Forest-XGB.tex
(./Random-Forest-XGB.tex
LaTeX2e <2020-02-02> patch level 5
L3 programming layer <2020-03-06> (/usr/local/texlive/2020/texmf-dist/tex/latex
/beamer/beamer.cls
Document Class: beamer 2019/09/29 v3.57 A class for typesetting presentations
(/usr/local/texlive/2020/texmf-dist/tex/latex/beamer/beamerbasemodes.sty (/usr/
local/texlive/2020/texmf-dist/tex/latex/etoolbox/etoolbox.sty
Package: etoolbox 2019/09/21 v2.5h e-TeX tools for LaTeX (JAW)
\etb@tempcnta=\count167
)
\beamer@tempbox=\box45
\beamer@tempcount=\count168
\c@beamerpauses=\count169
(/usr/local/texlive/2020/texmf-dist/tex/latex/beamer/beamerbasedecode.sty
\beamer@slideinframe=\count170
\beamer@minimum=\count171
\beamer@decode@box=\box46
)
\beamer@commentbox=\box47
\beamer@modecount=\count172
) (/usr/local/texlive/2020/texmf-dist/tex/generic/iftex/ifpdf.sty
Package: ifpdf 2019/10/25 v3.4 ifpdf legacy package. Use iftex instead.
(/usr/local/texlive/2020/texmf-dist/tex/generic/iftex/iftex.sty
Package: iftex 2020/03/06 v1.0d TeX engine tests
))
\headdp=\dimen134
\footheight=\dimen135
\sidebarheight=\dimen136
\beamer@tempdim=\dimen137
\beamer@finalheight=\dimen138
\beamer@animht=\dimen139
\beamer@animdp=\dimen140
\beamer@animwd=\dimen141
\beamer@leftmargin=\dimen142
\beamer@rightmargin=\dimen143
\beamer@leftsidebar=\dimen144
\beamer@rightsidebar=\dimen145
\beamer@boxsize=\dimen146
\beamer@vboxoffset=\dimen147
\beamer@descdefault=\dimen148
\beamer@descriptionwidth=\dimen149
\beamer@lastskip=\skip47
\beamer@areabox=\box48
\beamer@animcurrent=\box49
\beamer@animshowbox=\box50
\beamer@sectionbox=\box51
\beamer@logobox=\box52
\beamer@linebox=\box53
\beamer@sectioncount=\count173
\beamer@subsubsectionmax=\count174
\beamer@subsectionmax=\count175
\beamer@sectionmax=\count176
\beamer@totalheads=\count177
\beamer@headcounter=\count178
\beamer@partstartpage=\count179
\beamer@sectionstartpage=\count180
\beamer@subsectionstartpage=\count181
\beamer@animationtempa=\count182
\beamer@animationtempb=\count183
\beamer@xpos=\count184
\beamer@ypos=\count185
\beamer@ypos@offset=\count186
\beamer@showpartnumber=\count187
\beamer@currentsubsection=\count188
\beamer@coveringdepth=\count189
\beamer@sectionadjust=\count190
\beamer@tocsectionnumber=\count191
(/usr/local/texlive/2020/texmf-dist/tex/latex/beamer/beamerbaseoptions.sty (/us
r/local/texlive/2020/texmf-dist/tex/latex/graphics/keyval.sty
Package: keyval 2014/10/28 v1.15 key=value parser (DPC)
\KV@toks@=\toks15
))
\beamer@paperwidth=\skip48
\beamer@paperheight=\skip49
(/usr/local/texlive/2020/texmf-dist/tex/latex/geometry/geometry.sty
Package: geometry 2020/01/02 v5.9 Page Geometry
(/usr/local/texlive/2020/texmf-dist/tex/generic/iftex/ifvtex.sty
Package: ifvtex 2019/10/25 v1.7 ifvtex legacy package. Use iftex instead.
)
\Gm@cnth=\count192
\Gm@cntv=\count193
\c@Gm@tempcnt=\count194
\Gm@bindingoffset=\dimen150
\Gm@wd@mp=\dimen151
\Gm@odd@mp=\dimen152
\Gm@even@mp=\dimen153
\Gm@layoutwidth=\dimen154
\Gm@layoutheight=\dimen155
\Gm@layouthoffset=\dimen156
\Gm@layoutvoffset=\dimen157
\Gm@dimlist=\toks16
) (/usr/local/texlive/2020/texmf-dist/tex/latex/base/size10.clo
File: size10.clo 2019/12/20 v1.4l Standard LaTeX file (size option)
) (/usr/local/texlive/2020/texmf-dist/tex/latex/pgf/basiclayer/pgfcore.sty (/us
r/local/texlive/2020/texmf-dist/tex/latex/graphics/graphicx.sty
Package: graphicx 2019/11/30 v1.2a Enhanced LaTeX Graphics (DPC,SPQR)
(/usr/local/texlive/2020/texmf-dist/tex/latex/graphics/graphics.sty
Package: graphics 2019/11/30 v1.4a Standard LaTeX Graphics (DPC,SPQR)
(/usr/local/texlive/2020/texmf-dist/tex/latex/graphics/trig.sty
Package: trig 2016/01/03 v1.10 sin cos tan (DPC)
) (/usr/local/texlive/2020/texmf-dist/tex/latex/graphics-cfg/graphics.cfg
File: graphics.cfg 2016/06/04 v1.11 sample graphics configuration
)
Package graphics Info: Driver file: pdftex.def on input line 105.
(/usr/local/texlive/2020/texmf-dist/tex/latex/graphics-def/pdftex.def
File: pdftex.def 2018/01/08 v1.0l Graphics/color driver for pdftex
))
\Gin@req@height=\dimen158
\Gin@req@width=\dimen159
) (/usr/local/texlive/2020/texmf-dist/tex/latex/pgf/systemlayer/pgfsys.sty (/us
r/local/texlive/2020/texmf-dist/tex/latex/pgf/utilities/pgfrcs.sty
(/usr/local/texlive/2020/texmf-dist/tex/generic/pgf/utilities/pgfutil-common.te
x
\pgfutil@everybye=\toks17
\pgfutil@tempdima=\dimen160
\pgfutil@tempdimb=\dimen161

(/usr/local/texlive/2020/texmf-dist/tex/generic/pgf/utilities/pgfutil-common-li
sts.tex))
(/usr/local/texlive/2020/texmf-dist/tex/generic/pgf/utilities/pgfutil-latex.def
\pgfutil@abb=\box54
(/usr/local/texlive/2020/texmf-dist/tex/latex/ms/everyshi.sty
Package: everyshi 2001/05/15 v3.00 EveryShipout Package (MS)
)) (/usr/local/texlive/2020/texmf-dist/tex/generic/pgf/utilities/pgfrcs.code.te
x (/usr/local/texlive/2020/texmf-dist/tex/generic/pgf/pgf.revision.tex)
Package: pgfrcs 2020/01/08 v3.1.5b (3.1.5b)
))
(/usr/local/texlive/2020/texmf-dist/tex/generic/pgf/systemlayer/pgfsys.code.tex
Package: pgfsys 2020/01/08 v3.1.5b (3.1.5b)
(/usr/local/texlive/2020/texmf-dist/tex/generic/pgf/utilities/pgfkeys.code.tex
\pgfkeys@pathtoks=\toks18
\pgfkeys@temptoks=\toks19

(/usr/local/texlive/2020/texmf-dist/tex/generic/pgf/utilities/pgfkeysfiltered.c
ode.tex
\pgfkeys@tmptoks=\toks20
))
\pgf@x=\dimen162
\pgf@y=\dimen163
\pgf@xa=\dimen164
\pgf@ya=\dimen165
\pgf@xb=\dimen166
\pgf@yb=\dimen167
\pgf@xc=\dimen168
\pgf@yc=\dimen169
\pgf@xd=\dimen170
\pgf@yd=\dimen171
\w@pgf@writea=\write3
\r@pgf@reada=\read2
\c@pgf@counta=\count195
\c@pgf@countb=\count196
\c@pgf@countc=\count197
\c@pgf@countd=\count198
\t@pgf@toka=\toks21
\t@pgf@tokb=\toks22
\t@pgf@tokc=\toks23
\pgf@sys@id@count=\count199
(/usr/local/texlive/2020/texmf-dist/tex/generic/pgf/systemlayer/pgf.cfg
File: pgf.cfg 2020/01/08 v3.1.5b (3.1.5b)
)
Driver file for pgf: pgfsys-pdftex.def

(/usr/local/texlive/2020/texmf-dist/tex/generic/pgf/systemlayer/pgfsys-pdftex.d
ef
File: pgfsys-pdftex.def 2020/01/08 v3.1.5b (3.1.5b)

(/usr/local/texlive/2020/texmf-dist/tex/generic/pgf/systemlayer/pgfsys-common-p
df.def
File: pgfsys-common-pdf.def 2020/01/08 v3.1.5b (3.1.5b)
)))
(/usr/local/texlive/2020/texmf-dist/tex/generic/pgf/systemlayer/pgfsyssoftpath.
code.tex
File: pgfsyssoftpath.code.tex 2020/01/08 v3.1.5b (3.1.5b)
\pgfsyssoftpath@smallbuffer@items=\count266
\pgfsyssoftpath@bigbuffer@items=\count267
)
(/usr/local/texlive/2020/texmf-dist/tex/generic/pgf/systemlayer/pgfsysprotocol.
code.tex
File: pgfsysprotocol.code.tex 2020/01/08 v3.1.5b (3.1.5b)
)) (/usr/local/texlive/2020/texmf-dist/tex/latex/xcolor/xcolor.sty
Package: xcolor 2016/05/11 v2.12 LaTeX color extensions (UK)
(/usr/local/texlive/2020/texmf-dist/tex/latex/graphics-cfg/color.cfg
File: color.cfg 2016/01/02 v1.6 sample color configuration
)
Package xcolor Info: Driver file: pdftex.def on input line 225.
Package xcolor Info: Model `cmy' substituted by `cmy0' on input line 1348.
Package xcolor Info: Model `hsb' substituted by `rgb' on input line 1352.
Package xcolor Info: Model `RGB' extended on input line 1364.
Package xcolor Info: Model `HTML' substituted by `rgb' on input line 1366.
Package xcolor Info: Model `Hsb' substituted by `hsb' on input line 1367.
Package xcolor Info: Model `tHsb' substituted by `hsb' on input line 1368.
Package xcolor Info: Model `HSB' substituted by `hsb' on input line 1369.
Package xcolor Info: Model `Gray' substituted by `gray' on input line 1370.
Package xcolor Info: Model `wave' substituted by `hsb' on input line 1371.
)
(/usr/local/texlive/2020/texmf-dist/tex/generic/pgf/basiclayer/pgfcore.code.tex
Package: pgfcore 2020/01/08 v3.1.5b (3.1.5b)
(/usr/local/texlive/2020/texmf-dist/tex/generic/pgf/math/pgfmath.code.tex (/usr
/local/texlive/2020/texmf-dist/tex/generic/pgf/math/pgfmathcalc.code.tex (/usr/
local/texlive/2020/texmf-dist/tex/generic/pgf/math/pgfmathutil.code.tex)
(/usr/local/texlive/2020/texmf-dist/tex/generic/pgf/math/pgfmathparser.code.tex
\pgfmath@dimen=\dimen172
\pgfmath@count=\count268
\pgfmath@box=\box55
\pgfmath@toks=\toks24
\pgfmath@stack@operand=\toks25
\pgfmath@stack@operation=\toks26
)
(/usr/local/texlive/2020/texmf-dist/tex/generic/pgf/math/pgfmathfunctions.code.
tex
(/usr/local/texlive/2020/texmf-dist/tex/generic/pgf/math/pgfmathfunctions.basic
.code.tex)
(/usr/local/texlive/2020/texmf-dist/tex/generic/pgf/math/pgfmathfunctions.trigo
nometric.code.tex)
(/usr/local/texlive/2020/texmf-dist/tex/generic/pgf/math/pgfmathfunctions.rando
m.code.tex)
(/usr/local/texlive/2020/texmf-dist/tex/generic/pgf/math/pgfmathfunctions.compa
rison.code.tex)
(/usr/local/texlive/2020/texmf-dist/tex/generic/pgf/math/pgfmathfunctions.base.
code.tex)
(/usr/local/texlive/2020/texmf-dist/tex/generic/pgf/math/pgfmathfunctions.round
.code.tex)
(/usr/local/texlive/2020/texmf-dist/tex/generic/pgf/math/pgfmathfunctions.misc.
code.tex)
(/usr/local/texlive/2020/texmf-dist/tex/generic/pgf/math/pgfmathfunctions.integ
erarithmetics.code.tex))) (/usr/local/texlive/2020/texmf-dist/tex/generic/pgf/m
ath/pgfmathfloat.code.tex
\c@pgfmathroundto@lastzeros=\count269
)) (/usr/local/texlive/2020/texmf-dist/tex/generic/pgf/math/pgfint.code.tex)
(/usr/local/texlive/2020/texmf-dist/tex/generic/pgf/basiclayer/pgfcorepoints.co
de.tex
File: pgfcorepoints.code.tex 2020/01/08 v3.1.5b (3.1.5b)
\pgf@picminx=\dimen173
\pgf@picmaxx=\dimen174
\pgf@picminy=\dimen175
\pgf@picmaxy=\dimen176
\pgf@pathminx=\dimen177
\pgf@pathmaxx=\dimen178
\pgf@pathminy=\dimen179
\pgf@pathmaxy=\dimen180
\pgf@xx=\dimen181
\pgf@xy=\dimen182
\pgf@yx=\dimen183
\pgf@yy=\dimen184
\pgf@zx=\dimen185
\pgf@zy=\dimen186
)
(/usr/local/texlive/2020/texmf-dist/tex/generic/pgf/basiclayer/pgfcorepathconst
ruct.code.tex
File: pgfcorepathconstruct.code.tex 2020/01/08 v3.1.5b (3.1.5b)
\pgf@path@lastx=\dimen187
\pgf@path@lasty=\dimen188
)
(/usr/local/texlive/2020/texmf-dist/tex/generic/pgf/basiclayer/pgfcorepathusage
.code.tex
File: pgfcorepathusage.code.tex 2020/01/08 v3.1.5b (3.1.5b)
\pgf@shorten@end@additional=\dimen189
\pgf@shorten@start@additional=\dimen190
)
(/usr/local/texlive/2020/texmf-dist/tex/generic/pgf/basiclayer/pgfcorescopes.co
de.tex
File: pgfcorescopes.code.tex 2020/01/08 v3.1.5b (3.1.5b)
\pgfpic=\box56
\pgf@hbox=\box57
\pgf@layerbox@main=\box58
\pgf@picture@serial@count=\count270
)
(/usr/local/texlive/2020/texmf-dist/tex/generic/pgf/basiclayer/pgfcoregraphicst
ate.code.tex
File: pgfcoregraphicstate.code.tex 2020/01/08 v3.1.5b (3.1.5b)
\pgflinewidth=\dimen191
)
(/usr/local/texlive/2020/texmf-dist/tex/generic/pgf/basiclayer/pgfcoretransform
ations.code.tex
File: pgfcoretransformations.code.tex 2020/01/08 v3.1.5b (3.1.5b)
\pgf@pt@x=\dimen192
\pgf@pt@y=\dimen193
\pgf@pt@temp=\dimen194
)
(/usr/local/texlive/2020/texmf-dist/tex/generic/pgf/basiclayer/pgfcorequick.cod
e.tex
File: pgfcorequick.code.tex 2020/01/08 v3.1.5b (3.1.5b)
)
(/usr/local/texlive/2020/texmf-dist/tex/generic/pgf/basiclayer/pgfcoreobjects.c
ode.tex
File: pgfcoreobjects.code.tex 2020/01/08 v3.1.5b (3.1.5b)
)
(/usr/local/texlive/2020/texmf-dist/tex/generic/pgf/basiclayer/pgfcorepathproce
ssing.code.tex
File: pgfcorepathprocessing.code.tex 2020/01/08 v3.1.5b (3.1.5b)
)
(/usr/local/texlive/2020/texmf-dist/tex/generic/pgf/basiclayer/pgfcorearrows.co
de.tex
File: pgfcorearrows.code.tex 2020/01/08 v3.1.5b (3.1.5b)
\pgfarrowsep=\dimen195
)
(/usr/local/texlive/2020/texmf-dist/tex/generic/pgf/basiclayer/pgfcoreshade.cod
e.tex
File: pgfcoreshade.code.tex 2020/01/08 v3.1.5b (3.1.5b)
\pgf@max=\dimen196
\pgf@sys@shading@range@num=\count271
\pgf@shadingcount=\count272
)
(/usr/local/texlive/2020/texmf-dist/tex/generic/pgf/basiclayer/pgfcoreimage.cod
e.tex
File: pgfcoreimage.code.tex 2020/01/08 v3.1.5b (3.1.5b)

(/usr/local/texlive/2020/texmf-dist/tex/generic/pgf/basiclayer/pgfcoreexternal.
code.tex
File: pgfcoreexternal.code.tex 2020/01/08 v3.1.5b (3.1.5b)
\pgfexternal@startupbox=\box59
))
(/usr/local/texlive/2020/texmf-dist/tex/generic/pgf/basiclayer/pgfcorelayers.co
de.tex
File: pgfcorelayers.code.tex 2020/01/08 v3.1.5b (3.1.5b)
)
(/usr/local/texlive/2020/texmf-dist/tex/generic/pgf/basiclayer/pgfcoretranspare
ncy.code.tex
File: pgfcoretransparency.code.tex 2020/01/08 v3.1.5b (3.1.5b)
)
(/usr/local/texlive/2020/texmf-dist/tex/generic/pgf/basiclayer/pgfcorepatterns.
code.tex
File: pgfcorepatterns.code.tex 2020/01/08 v3.1.5b (3.1.5b)
)
(/usr/local/texlive/2020/texmf-dist/tex/generic/pgf/basiclayer/pgfcorerdf.code.
tex
File: pgfcorerdf.code.tex 2020/01/08 v3.1.5b (3.1.5b)
))) (/usr/local/texlive/2020/texmf-dist/tex/latex/pgf/utilities/xxcolor.sty
Package: xxcolor 2003/10/24 ver 0.1
\XC@nummixins=\count273
\XC@countmixins=\count274
) (/usr/local/texlive/2020/texmf-dist/tex/generic/atbegshi/atbegshi.sty
Package: atbegshi 2019/12/05 v1.19 At begin shipout hook (HO)
(/usr/local/texlive/2020/texmf-dist/tex/generic/infwarerr/infwarerr.sty
Package: infwarerr 2019/12/03 v1.5 Providing info/warning/error messages (HO)
) (/usr/local/texlive/2020/texmf-dist/tex/generic/ltxcmds/ltxcmds.sty
Package: ltxcmds 2019/12/15 v1.24 LaTeX kernel commands for general use (HO)
)) (/usr/local/texlive/2020/texmf-dist/tex/latex/hyperref/hyperref.sty
Package: hyperref 2020/01/14 v7.00d Hypertext links for LaTeX
(/usr/local/texlive/2020/texmf-dist/tex/latex/pdftexcmds/pdftexcmds.sty
Package: pdftexcmds 2019/11/24 v0.31 Utility functions of pdfTeX for LuaTeX (HO
)
Package pdftexcmds Info: \pdf@primitive is available.
Package pdftexcmds Info: \pdf@ifprimitive is available.
Package pdftexcmds Info: \pdfdraftmode found.
) (/usr/local/texlive/2020/texmf-dist/tex/generic/kvsetkeys/kvsetkeys.sty
Package: kvsetkeys 2019/12/15 v1.18 Key value parser (HO)
) (/usr/local/texlive/2020/texmf-dist/tex/generic/kvdefinekeys/kvdefinekeys.sty
Package: kvdefinekeys 2019-12-19 v1.6 Define keys (HO)
) (/usr/local/texlive/2020/texmf-dist/tex/generic/pdfescape/pdfescape.sty
Package: pdfescape 2019/12/09 v1.15 Implements pdfTeX's escape features (HO)
) (/usr/local/texlive/2020/texmf-dist/tex/latex/hycolor/hycolor.sty
Package: hycolor 2020-01-27 v1.10 Color options for hyperref/bookmark (HO)
) (/usr/local/texlive/2020/texmf-dist/tex/latex/letltxmacro/letltxmacro.sty
Package: letltxmacro 2019/12/03 v1.6 Let assignment for LaTeX macros (HO)
) (/usr/local/texlive/2020/texmf-dist/tex/latex/auxhook/auxhook.sty
Package: auxhook 2019-12-17 v1.6 Hooks for auxiliary files (HO)
) (/usr/local/texlive/2020/texmf-dist/tex/latex/kvoptions/kvoptions.sty
Package: kvoptions 2019/11/29 v3.13 Key value format for package options (HO)
)
\@linkdim=\dimen197
\Hy@linkcounter=\count275
\Hy@pagecounter=\count276
(/usr/local/texlive/2020/texmf-dist/tex/latex/hyperref/pd1enc.def
File: pd1enc.def 2020/01/14 v7.00d Hyperref: PDFDocEncoding definition (HO)
Now handling font encoding PD1 ...
... no UTF-8 mapping file for font encoding PD1
) (/usr/local/texlive/2020/texmf-dist/tex/generic/intcalc/intcalc.sty
Package: intcalc 2019/12/15 v1.3 Expandable calculations with integers (HO)
) (/usr/local/texlive/2020/texmf-dist/tex/generic/etexcmds/etexcmds.sty
Package: etexcmds 2019/12/15 v1.7 Avoid name clashes with e-TeX commands (HO)
)
\Hy@SavedSpaceFactor=\count277
Package hyperref Info: Option `unicode' set `true' on input line 4421.
(/usr/local/texlive/2020/texmf-dist/tex/latex/hyperref/puenc.def
File: puenc.def 2020/01/14 v7.00d Hyperref: PDF Unicode definition (HO)
Now handling font encoding PU ...
... no UTF-8 mapping file for font encoding PU
)
Package hyperref Info: Option `bookmarks' set `true' on input line 4421.
Package hyperref Info: Option `bookmarksopen' set `true' on input line 4421.
Package hyperref Info: Option `implicit' set `false' on input line 4421.
Package hyperref Info: Hyper figures OFF on input line 4547.
Package hyperref Info: Link nesting OFF on input line 4552.
Package hyperref Info: Hyper index ON on input line 4555.
Package hyperref Info: Plain pages OFF on input line 4562.
Package hyperref Info: Backreferencing OFF on input line 4567.
Package hyperref Info: Implicit mode OFF; no redefinition of LaTeX internals.
Package hyperref Info: Bookmarks ON on input line 4800.
\c@Hy@tempcnt=\count278
(/usr/local/texlive/2020/texmf-dist/tex/latex/url/url.sty
\Urlmuskip=\muskip16
Package: url 2013/09/16  ver 3.4  Verb mode for urls, etc.
)
LaTeX Info: Redefining \url on input line 5159.
\XeTeXLinkMargin=\dimen198
(/usr/local/texlive/2020/texmf-dist/tex/generic/bitset/bitset.sty
Package: bitset 2019/12/09 v1.3 Handle bit-vector datatype (HO)
(/usr/local/texlive/2020/texmf-dist/tex/generic/bigintcalc/bigintcalc.sty
Package: bigintcalc 2019/12/15 v1.5 Expandable calculations on big integers (HO
)
))
\Fld@menulength=\count279
\Field@Width=\dimen199
\Fld@charsize=\dimen256
Package hyperref Info: Hyper figures OFF on input line 6430.
Package hyperref Info: Link nesting OFF on input line 6435.
Package hyperref Info: Hyper index ON on input line 6438.
Package hyperref Info: backreferencing OFF on input line 6445.
Package hyperref Info: Link coloring OFF on input line 6450.
Package hyperref Info: Link coloring with OCG OFF on input line 6455.
Package hyperref Info: PDF/A mode OFF on input line 6460.
LaTeX Info: Redefining \ref on input line 6500.
LaTeX Info: Redefining \pageref on input line 6504.
\Hy@abspage=\count280

Package hyperref Message: Stopped early.

)
Package hyperref Info: Driver (autodetected): hpdftex.
(/usr/local/texlive/2020/texmf-dist/tex/latex/hyperref/hpdftex.def
File: hpdftex.def 2020/01/14 v7.00d Hyperref driver for pdfTeX
(/usr/local/texlive/2020/texmf-dist/tex/latex/atveryend/atveryend.sty
Package: atveryend 2019-12-11 v1.11 Hooks at the very end of document (HO)
)
\Fld@listcount=\count281
\c@bookmark@seq@number=\count282

(/usr/local/texlive/2020/texmf-dist/tex/latex/rerunfilecheck/rerunfilecheck.sty
Package: rerunfilecheck 2019/12/05 v1.9 Rerun checks for auxiliary files (HO)

(/usr/local/texlive/2020/texmf-dist/tex/generic/uniquecounter/uniquecounter.sty
Package: uniquecounter 2019/12/15 v1.4 Provide unlimited unique counter (HO)
)
Package uniquecounter Info: New unique counter `rerunfilecheck' on input line 2
86.
)) (/usr/local/texlive/2020/texmf-dist/tex/latex/beamer/beamerbaserequires.sty
(/usr/local/texlive/2020/texmf-dist/tex/latex/beamer/beamerbasecompatibility.st
y) (/usr/local/texlive/2020/texmf-dist/tex/latex/beamer/beamerbasefont.sty (/us
r/local/texlive/2020/texmf-dist/tex/latex/amsfonts/amssymb.sty
Package: amssymb 2013/01/14 v3.01 AMS font symbols
(/usr/local/texlive/2020/texmf-dist/tex/latex/amsfonts/amsfonts.sty
Package: amsfonts 2013/01/14 v3.01 Basic AMSFonts support
\@emptytoks=\toks27
\symAMSa=\mathgroup4
\symAMSb=\mathgroup5
LaTeX Font Info:    Redeclaring math symbol \hbar on input line 98.
LaTeX Font Info:    Overwriting math alphabet `\mathfrak' in version `bold'
(Font)                  U/euf/m/n --> U/euf/b/n on input line 106.
))
(/usr/local/texlive/2020/texmf-dist/tex/latex/sansmathaccent/sansmathaccent.sty
Package: sansmathaccent 2020/01/31
(/usr/local/texlive/2020/texmf-dist/tex/latex/koma-script/scrlfile.sty
Package: scrlfile 2020/01/24 v3.29 KOMA-Script package (loading files)
))) (/usr/local/texlive/2020/texmf-dist/tex/latex/beamer/beamerbasetranslator.s
ty (/usr/local/texlive/2020/texmf-dist/tex/latex/translator/translator.sty
Package: translator 2019-05-31 v1.12a Easy translation of strings in LaTeX
)) (/usr/local/texlive/2020/texmf-dist/tex/latex/beamer/beamerbasemisc.sty) (/u
sr/local/texlive/2020/texmf-dist/tex/latex/beamer/beamerbasetwoscreens.sty) (/u
sr/local/texlive/2020/texmf-dist/tex/latex/beamer/beamerbaseoverlay.sty
\beamer@argscount=\count283
\beamer@lastskipcover=\skip50
\beamer@trivlistdepth=\count284
) (/usr/local/texlive/2020/texmf-dist/tex/latex/beamer/beamerbasetitle.sty) (/u
sr/local/texlive/2020/texmf-dist/tex/latex/beamer/beamerbasesection.sty
\c@lecture=\count285
\c@part=\count286
\c@section=\count287
\c@subsection=\count288
\c@subsubsection=\count289
) (/usr/local/texlive/2020/texmf-dist/tex/latex/beamer/beamerbaseframe.sty
\beamer@framebox=\box60
\beamer@frametitlebox=\box61
\beamer@zoombox=\box62
\beamer@zoomcount=\count290
\beamer@zoomframecount=\count291
\beamer@frametextheight=\dimen257
\c@subsectionslide=\count292
\beamer@frametopskip=\skip51
\beamer@framebottomskip=\skip52
\beamer@frametopskipautobreak=\skip53
\beamer@framebottomskipautobreak=\skip54
\beamer@envbody=\toks28
\framewidth=\dimen258
\c@framenumber=\count293
) (/usr/local/texlive/2020/texmf-dist/tex/latex/beamer/beamerbaseverbatim.sty
\beamer@verbatimfileout=\write4
) (/usr/local/texlive/2020/texmf-dist/tex/latex/beamer/beamerbaseframesize.sty
\beamer@splitbox=\box63
\beamer@autobreakcount=\count294
\beamer@autobreaklastheight=\dimen259
\beamer@frametitletoks=\toks29
\beamer@framesubtitletoks=\toks30
)
(/usr/local/texlive/2020/texmf-dist/tex/latex/beamer/beamerbaseframecomponents.
sty
\beamer@footins=\box64
) (/usr/local/texlive/2020/texmf-dist/tex/latex/beamer/beamerbasecolor.sty) (/u
sr/local/texlive/2020/texmf-dist/tex/latex/beamer/beamerbasenotes.sty
\beamer@frameboxcopy=\box65
) (/usr/local/texlive/2020/texmf-dist/tex/latex/beamer/beamerbasetoc.sty) (/usr
/local/texlive/2020/texmf-dist/tex/latex/beamer/beamerbasetemplates.sty
\beamer@sbttoks=\toks31

(/usr/local/texlive/2020/texmf-dist/tex/latex/beamer/beamerbaseauxtemplates.sty
(/usr/local/texlive/2020/texmf-dist/tex/latex/beamer/beamerbaseboxes.sty
\bmb@box=\box66
\bmb@colorbox=\box67
\bmb@boxshadow=\box68
\bmb@boxshadowball=\box69
\bmb@boxshadowballlarge=\box70
\bmb@temp=\dimen260
\bmb@dima=\dimen261
\bmb@dimb=\dimen262
\bmb@prevheight=\dimen263
)
\beamer@blockheadheight=\dimen264
))
(/usr/local/texlive/2020/texmf-dist/tex/latex/beamer/beamerbaselocalstructure.s
ty (/usr/local/texlive/2020/texmf-dist/tex/latex/tools/enumerate.sty
Package: enumerate 2015/07/23 v3.00 enumerate extensions (DPC)
\@enLab=\toks32
)
\c@figure=\count295
\c@table=\count296
\abovecaptionskip=\skip55
\belowcaptionskip=\skip56
) (/usr/local/texlive/2020/texmf-dist/tex/latex/beamer/beamerbasenavigation.sty
\beamer@section@min@dim=\dimen265
) (/usr/local/texlive/2020/texmf-dist/tex/latex/beamer/beamerbasetheorems.sty (
/usr/local/texlive/2020/texmf-dist/tex/latex/amsmath/amsmath.sty
Package: amsmath 2020/01/20 v2.17e AMS math features
\@mathmargin=\skip57
For additional information on amsmath, use the `?' option.
(/usr/local/texlive/2020/texmf-dist/tex/latex/amsmath/amstext.sty
Package: amstext 2000/06/29 v2.01 AMS text
(/usr/local/texlive/2020/texmf-dist/tex/latex/amsmath/amsgen.sty
File: amsgen.sty 1999/11/30 v2.0 generic functions
\@emptytoks=\toks33
\ex@=\dimen266
)) (/usr/local/texlive/2020/texmf-dist/tex/latex/amsmath/amsbsy.sty
Package: amsbsy 1999/11/29 v1.2d Bold Symbols
\pmbraise@=\dimen267
) (/usr/local/texlive/2020/texmf-dist/tex/latex/amsmath/amsopn.sty
Package: amsopn 2016/03/08 v2.02 operator names
)
\inf@bad=\count297
LaTeX Info: Redefining \frac on input line 227.
\uproot@=\count298
\leftroot@=\count299
LaTeX Info: Redefining \overline on input line 389.
\classnum@=\count300
\DOTSCASE@=\count301
LaTeX Info: Redefining \ldots on input line 486.
LaTeX Info: Redefining \dots on input line 489.
LaTeX Info: Redefining \cdots on input line 610.
\Mathstrutbox@=\box71
\strutbox@=\box72
\big@size=\dimen268
LaTeX Font Info:    Redeclaring font encoding OML on input line 733.
LaTeX Font Info:    Redeclaring font encoding OMS on input line 734.
\macc@depth=\count302
\c@MaxMatrixCols=\count303
\dotsspace@=\muskip17
\c@parentequation=\count304
\dspbrk@lvl=\count305
\tag@help=\toks34
\row@=\count306
\column@=\count307
\maxfields@=\count308
\andhelp@=\toks35
\eqnshift@=\dimen269
\alignsep@=\dimen270
\tagshift@=\dimen271
\tagwidth@=\dimen272
\totwidth@=\dimen273
\lineht@=\dimen274
\@envbody=\toks36
\multlinegap=\skip58
\multlinetaggap=\skip59
\mathdisplay@stack=\toks37
LaTeX Info: Redefining \[ on input line 2859.
LaTeX Info: Redefining \] on input line 2860.
) (/usr/local/texlive/2020/texmf-dist/tex/latex/amscls/amsthm.sty
Package: amsthm 2017/10/31 v2.20.4
\thm@style=\toks38
\thm@bodyfont=\toks39
\thm@headfont=\toks40
\thm@notefont=\toks41
\thm@headpunct=\toks42
\thm@preskip=\skip60
\thm@postskip=\skip61
\thm@headsep=\skip62
\dth@everypar=\toks43
)
\c@theorem=\count309
) (/usr/local/texlive/2020/texmf-dist/tex/latex/beamer/beamerbasethemes.sty)) (
/usr/local/texlive/2020/texmf-dist/tex/latex/beamer/beamerthemedefault.sty
(/usr/local/texlive/2020/texmf-dist/tex/latex/beamer/beamerfontthemedefault.sty
)
(/usr/local/texlive/2020/texmf-dist/tex/latex/beamer/beamercolorthemedefault.st
y)
(/usr/local/texlive/2020/texmf-dist/tex/latex/beamer/beamerinnerthemedefault.st
y
\beamer@dima=\dimen275
\beamer@dimb=\dimen276
)
(/usr/local/texlive/2020/texmf-dist/tex/latex/beamer/beamerouterthemedefault.st
y))) (/usr/local/texlive/2020/texmf-dist/tex/latex/pgf/utilities/pgfpages.sty
Package: pgfpages 2011/01/05 ver 0.02
(/usr/local/texlive/2020/texmf-dist/tex/latex/tools/calc.sty
Package: calc 2017/05/25 v4.3 Infix arithmetic (KKT,FJ)
\calc@Acount=\count310
\calc@Bcount=\count311
\calc@Adimen=\dimen277
\calc@Bdimen=\dimen278
\calc@Askip=\skip63
\calc@Bskip=\skip64
LaTeX Info: Redefining \setlength on input line 80.
LaTeX Info: Redefining \addtolength on input line 81.
\calc@Ccount=\count312
\calc@Cskip=\skip65
)
\pgf@logicalpages=\count313
\pgf@firstshipout=\count314
\pgf@lastshipout=\count315
\pgf@currentshipout=\count316
\pgf@cpn=\count317
\pgf@shipoutnextto=\count318
\pgfphysicalheight=\dimen279
\pgfphysicalwidth=\dimen280
\pgfpages@shipoutbox=\box73
) (/usr/local/texlive/2020/texmf-dist/tex/latex/lm/lmodern.sty
Package: lmodern 2009/10/30 v1.6 Latin Modern Fonts
LaTeX Font Info:    Overwriting symbol font `operators' in version `normal'
(Font)                  OT1/cmr/m/n --> OT1/lmr/m/n on input line 22.
LaTeX Font Info:    Overwriting symbol font `letters' in version `normal'
(Font)                  OML/cmm/m/it --> OML/lmm/m/it on input line 23.
LaTeX Font Info:    Overwriting symbol font `symbols' in version `normal'
(Font)                  OMS/cmsy/m/n --> OMS/lmsy/m/n on input line 24.
LaTeX Font Info:    Overwriting symbol font `largesymbols' in version `normal'
(Font)                  OMX/cmex/m/n --> OMX/lmex/m/n on input line 25.
LaTeX Font Info:    Overwriting symbol font `operators' in version `bold'
(Font)                  OT1/cmr/bx/n --> OT1/lmr/bx/n on input line 26.
LaTeX Font Info:    Overwriting symbol font `letters' in version `bold'
(Font)                  OML/cmm/b/it --> OML/lmm/b/it on input line 27.
LaTeX Font Info:    Overwriting symbol font `symbols' in version `bold'
(Font)                  OMS/cmsy/b/n --> OMS/lmsy/b/n on input line 28.
LaTeX Font Info:    Overwriting symbol font `largesymbols' in version `bold'
(Font)                  OMX/cmex/m/n --> OMX/lmex/m/n on input line 29.
LaTeX Font Info:    Overwriting math alphabet `\mathbf' in version `normal'
(Font)                  OT1/cmr/bx/n --> OT1/lmr/bx/n on input line 31.
LaTeX Font Info:    Overwriting math alphabet `\mathsf' in version `normal'
(Font)                  OT1/cmss/m/n --> OT1/lmss/m/n on input line 32.
LaTeX Font Info:    Overwriting math alphabet `\mathit' in version `normal'
(Font)                  OT1/cmr/m/it --> OT1/lmr/m/it on input line 33.
LaTeX Font Info:    Overwriting math alphabet `\mathtt' in version `normal'
(Font)                  OT1/cmtt/m/n --> OT1/lmtt/m/n on input line 34.
LaTeX Font Info:    Overwriting math alphabet `\mathbf' in version `bold'
(Font)                  OT1/cmr/bx/n --> OT1/lmr/bx/n on input line 35.
LaTeX Font Info:    Overwriting math alphabet `\mathsf' in version `bold'
(Font)                  OT1/cmss/bx/n --> OT1/lmss/bx/n on input line 36.
LaTeX Font Info:    Overwriting math alphabet `\mathit' in version `bold'
(Font)                  OT1/cmr/bx/it --> OT1/lmr/bx/it on input line 37.
LaTeX Font Info:    Overwriting math alphabet `\mathtt' in version `bold'
(Font)                  OT1/cmtt/m/n --> OT1/lmtt/m/n on input line 38.
) (/usr/local/texlive/2020/texmf-dist/tex/latex/base/fontenc.sty
Package: fontenc 2020/02/11 v2.0o Standard LaTeX package
LaTeX Font Info:    Trying to load font information for T1+lmss on input line 1
12.
(/usr/local/texlive/2020/texmf-dist/tex/latex/lm/t1lmss.fd
File: t1lmss.fd 2009/10/30 v1.6 Font defs for Latin Modern
)) (/usr/local/texlive/2020/texmf-dist/tex/latex/base/inputenc.sty
Package: inputenc 2018/08/11 v1.3c Input encoding file
\inpenc@prehook=\toks44
\inpenc@posthook=\toks45
) (/usr/local/texlive/2020/texmf-dist/tex/latex/base/textcomp.sty
Package: textcomp 2020/02/02 v2.0n Standard LaTeX package
) (/usr/local/texlive/2020/texmf-dist/tex/latex/upquote/upquote.sty
Package: upquote 2012/04/19 v1.3 upright-quote and grave-accent glyphs in verba
tim
) (/usr/local/texlive/2020/texmf-dist/tex/latex/microtype/microtype.sty
Package: microtype 2019/11/18 v2.7d Micro-typographical refinements (RS)
\MT@toks=\toks46
\MT@count=\count319
LaTeX Info: Redefining \textls on input line 790.
\MT@outer@kern=\dimen281
LaTeX Info: Redefining \textmicrotypecontext on input line 1354.
\MT@listname@count=\count320
(/usr/local/texlive/2020/texmf-dist/tex/latex/microtype/microtype-pdftex.def
File: microtype-pdftex.def 2019/11/18 v2.7d Definitions specific to pdftex (RS)

LaTeX Info: Redefining \lsstyle on input line 914.
LaTeX Info: Redefining \lslig on input line 914.
\MT@outer@space=\skip66
)
Package microtype Info: Loading configuration file microtype.cfg.
(/usr/local/texlive/2020/texmf-dist/tex/latex/microtype/microtype.cfg
File: microtype.cfg 2019/11/18 v2.7d microtype main configuration file (RS)
)) (/usr/local/texlive/2020/texmf-dist/tex/latex/parskip/parskip.sty
Package: parskip 2020-01-22 v2.0d non-zero parskip adjustments
) (/usr/local/texlive/2020/texmf-dist/tex/latex/fancyvrb/fancyvrb.sty
Package: fancyvrb 2020/01/13 v3.5 verbatim text (tvz,hv)
\FV@CodeLineNo=\count321
\FV@InFile=\read3
\FV@TabBox=\box74
\c@FancyVerbLine=\count322
\FV@StepNumber=\count323
\FV@OutFile=\write5
) (/usr/local/texlive/2020/texmf-dist/tex/latex/framed/framed.sty
Package: framed 2011/10/22 v 0.96: framed or shaded text with page breaks
\OuterFrameSep=\skip67
\fb@frw=\dimen282
\fb@frh=\dimen283
\FrameRule=\dimen284
\FrameSep=\dimen285
) (/usr/local/texlive/2020/texmf-dist/tex/latex/fancyhdr/fancyhdr.sty
Package: fancyhdr 2019/01/31 v3.10 Extensive control of page headers and footer
s
\f@nch@headwidth=\skip68
\f@nch@O@elh=\skip69
\f@nch@O@erh=\skip70
\f@nch@O@olh=\skip71
\f@nch@O@orh=\skip72
\f@nch@O@elf=\skip73
\f@nch@O@erf=\skip74
\f@nch@O@olf=\skip75
\f@nch@O@orf=\skip76
) (/usr/local/texlive/2020/texmf-dist/tex/latex/bookmark/bookmark.sty
Package: bookmark 2019/12/03 v1.28 PDF bookmarks (HO)
(/usr/local/texlive/2020/texmf-dist/tex/latex/bookmark/bkm-pdftex.def
File: bkm-pdftex.def 2019/12/03 v1.28 bookmark driver for pdfTeX (HO)
\BKM@id=\count324
)) (/usr/local/texlive/2020/texmf-dist/tex/latex/xurl/xurl.sty
Package: xurl 2020/01/24 v 0.09 modify URL breaks
) (/usr/local/texlive/2020/texmf-dist/tex/latex/l3backend/l3backend-pdfmode.def
File: l3backend-pdfmode.def 2020-03-12 L3 backend support: PDF mode
\l__kernel_color_stack_int=\count325
\l__pdf_internal_box=\box75
) (./Random-Forest-XGB.aux)
\openout1 = `Random-Forest-XGB.aux'.

LaTeX Font Info:    Checking defaults for OML/cmm/m/it on input line 157.
LaTeX Font Info:    ... okay on input line 157.
LaTeX Font Info:    Checking defaults for OMS/cmsy/m/n on input line 157.
LaTeX Font Info:    ... okay on input line 157.
LaTeX Font Info:    Checking defaults for OT1/cmr/m/n on input line 157.
LaTeX Font Info:    ... okay on input line 157.
LaTeX Font Info:    Checking defaults for T1/cmr/m/n on input line 157.
LaTeX Font Info:    ... okay on input line 157.
LaTeX Font Info:    Checking defaults for TS1/cmr/m/n on input line 157.
LaTeX Font Info:    ... okay on input line 157.
LaTeX Font Info:    Checking defaults for OMX/cmex/m/n on input line 157.
LaTeX Font Info:    ... okay on input line 157.
LaTeX Font Info:    Checking defaults for U/cmr/m/n on input line 157.
LaTeX Font Info:    ... okay on input line 157.
LaTeX Font Info:    Checking defaults for PD1/pdf/m/n on input line 157.
LaTeX Font Info:    ... okay on input line 157.
LaTeX Font Info:    Checking defaults for PU/pdf/m/n on input line 157.
LaTeX Font Info:    ... okay on input line 157.
*geometry* driver: auto-detecting
*geometry* detected driver: pdftex
*geometry* verbose mode - [ preamble ] result:
* driver: pdftex
* paper: custom
* layout: <same size as paper>
* layoutoffset:(h,v)=(0.0pt,0.0pt)
* modes: includehead includefoot 
* h-part:(L,W,R)=(28.45274pt, 307.28987pt, 28.45274pt)
* v-part:(T,H,B)=(0.0pt, 273.14662pt, 0.0pt)
* \paperwidth=364.19536pt
* \paperheight=273.14662pt
* \textwidth=307.28987pt
* \textheight=244.6939pt
* \oddsidemargin=-43.81725pt
* \evensidemargin=-43.81725pt
* \topmargin=-72.26999pt
* \headheight=3.0pt
* \headsep=0.0pt
* \topskip=10.0pt
* \footskip=14.22636pt
* \marginparwidth=3.0pt
* \marginparsep=11.0pt
* \columnsep=10.0pt
* \skip\footins=9.0pt plus 4.0pt minus 2.0pt
* \hoffset=0.0pt
* \voffset=0.0pt
* \mag=1000
* \@twocolumnfalse
* \@twosidefalse
* \@mparswitchfalse
* \@reversemarginfalse
* (1in=72.27pt=25.4mm, 1cm=28.453pt)

(/usr/local/texlive/2020/texmf-dist/tex/context/base/mkii/supp-pdf.mkii
[Loading MPS to PDF converter (version 2006.09.02).]
\scratchcounter=\count326
\scratchdimen=\dimen286
\scratchbox=\box76
\nofMPsegments=\count327
\nofMParguments=\count328
\everyMPshowfont=\toks47
\MPscratchCnt=\count329
\MPscratchDim=\dimen287
\MPnumerator=\count330
\makeMPintoPDFobject=\count331
\everyMPtoPDFconversion=\toks48
) (/usr/local/texlive/2020/texmf-dist/tex/latex/epstopdf-pkg/epstopdf-base.sty
Package: epstopdf-base 2020-01-24 v2.11 Base part for package epstopdf
Package epstopdf-base Info: Redefining graphics rule for `.eps' on input line 4
85.
(/usr/local/texlive/2020/texmf-dist/tex/latex/latexconfig/epstopdf-sys.cfg
File: epstopdf-sys.cfg 2010/07/13 v1.3 Configuration of (r)epstopdf for TeX Liv
e
)) ABD: EveryShipout initializing macros
\AtBeginShipoutBox=\box77
Package hyperref Info: Link coloring OFF on input line 157.
(/usr/local/texlive/2020/texmf-dist/tex/latex/hyperref/nameref.sty
Package: nameref 2019/09/16 v2.46 Cross-referencing by name of section
(/usr/local/texlive/2020/texmf-dist/tex/latex/refcount/refcount.sty
Package: refcount 2019/12/15 v3.6 Data extraction from label references (HO)
)
(/usr/local/texlive/2020/texmf-dist/tex/generic/gettitlestring/gettitlestring.s
ty
Package: gettitlestring 2019/12/15 v1.6 Cleanup title references (HO)
)
\c@section@level=\count332
)
LaTeX Info: Redefining \ref on input line 157.
LaTeX Info: Redefining \pageref on input line 157.
LaTeX Info: Redefining \nameref on input line 157.
LaTeX Font Info:    Overwriting symbol font `operators' in version `normal'
(Font)                  OT1/lmr/m/n --> OT1/cmss/m/n on input line 157.
LaTeX Font Info:    Overwriting symbol font `operators' in version `bold'
(Font)                  OT1/lmr/bx/n --> OT1/cmss/b/n on input line 157.
LaTeX Font Info:    Overwriting symbol font `operators' in version `normal'
(Font)                  OT1/cmss/m/n --> OT1/lmss/m/n on input line 157.
LaTeX Font Info:    Overwriting symbol font `operators' in version `bold'
(Font)                  OT1/cmss/b/n --> OT1/lmss/b/n on input line 157.
\symnumbers=\mathgroup6
\sympureletters=\mathgroup7
LaTeX Font Info:    Overwriting math alphabet `\mathrm' in version `normal'
(Font)                  OT1/lmss/m/n --> T1/lmr/m/n on input line 157.
LaTeX Font Info:    Redeclaring math alphabet \mathbf on input line 157.
LaTeX Font Info:    Overwriting math alphabet `\mathbf' in version `normal'
(Font)                  OT1/lmr/bx/n --> T1/lmss/b/n on input line 157.
LaTeX Font Info:    Overwriting math alphabet `\mathbf' in version `bold'
(Font)                  OT1/lmr/bx/n --> T1/lmss/b/n on input line 157.
LaTeX Font Info:    Redeclaring math alphabet \mathsf on input line 157.
LaTeX Font Info:    Overwriting math alphabet `\mathsf' in version `normal'
(Font)                  OT1/lmss/m/n --> T1/lmss/m/n on input line 157.
LaTeX Font Info:    Overwriting math alphabet `\mathsf' in version `bold'
(Font)                  OT1/lmss/bx/n --> T1/lmss/m/n on input line 157.
LaTeX Font Info:    Redeclaring math alphabet \mathit on input line 157.
LaTeX Font Info:    Overwriting math alphabet `\mathit' in version `normal'
(Font)                  OT1/lmr/m/it --> T1/lmss/m/it on input line 157.
LaTeX Font Info:    Overwriting math alphabet `\mathit' in version `bold'
(Font)                  OT1/lmr/bx/it --> T1/lmss/m/it on input line 157.
LaTeX Font Info:    Redeclaring math alphabet \mathtt on input line 157.
LaTeX Font Info:    Overwriting math alphabet `\mathtt' in version `normal'
(Font)                  OT1/lmtt/m/n --> T1/lmtt/m/n on input line 157.
LaTeX Font Info:    Overwriting math alphabet `\mathtt' in version `bold'
(Font)                  OT1/lmtt/m/n --> T1/lmtt/m/n on input line 157.
LaTeX Font Info:    Overwriting symbol font `numbers' in version `bold'
(Font)                  T1/lmss/m/n --> T1/lmss/b/n on input line 157.
LaTeX Font Info:    Overwriting symbol font `pureletters' in version `bold'
(Font)                  T1/lmss/m/it --> T1/lmss/b/it on input line 157.
LaTeX Font Info:    Overwriting math alphabet `\mathrm' in version `bold'
(Font)                  OT1/lmss/b/n --> T1/lmr/b/n on input line 157.
LaTeX Font Info:    Overwriting math alphabet `\mathbf' in version `bold'
(Font)                  T1/lmss/b/n --> T1/lmss/b/n on input line 157.
LaTeX Font Info:    Overwriting math alphabet `\mathsf' in version `bold'
(Font)                  T1/lmss/m/n --> T1/lmss/b/n on input line 157.
LaTeX Font Info:    Overwriting math alphabet `\mathit' in version `bold'
(Font)                  T1/lmss/m/it --> T1/lmss/b/it on input line 157.
LaTeX Font Info:    Overwriting math alphabet `\mathtt' in version `bold'
(Font)                  T1/lmtt/m/n --> T1/lmtt/b/n on input line 157.

(/usr/local/texlive/2020/texmf-dist/tex/latex/translator/translator-basic-dicti
onary-English.dict
Dictionary: translator-basic-dictionary, Language: English 
)
(/usr/local/texlive/2020/texmf-dist/tex/latex/translator/translator-bibliograph
y-dictionary-English.dict
Dictionary: translator-bibliography-dictionary, Language: English 
)
(/usr/local/texlive/2020/texmf-dist/tex/latex/translator/translator-environment
-dictionary-English.dict
Dictionary: translator-environment-dictionary, Language: English 
)
(/usr/local/texlive/2020/texmf-dist/tex/latex/translator/translator-months-dict
ionary-English.dict
Dictionary: translator-months-dictionary, Language: English 
)
(/usr/local/texlive/2020/texmf-dist/tex/latex/translator/translator-numbers-dic
tionary-English.dict
Dictionary: translator-numbers-dictionary, Language: English 
)
(/usr/local/texlive/2020/texmf-dist/tex/latex/translator/translator-theorem-dic
tionary-English.dict
Dictionary: translator-theorem-dictionary, Language: English 
)
LaTeX Info: Redefining \microtypecontext on input line 157.
Package microtype Info: Generating PDF output.
Package microtype Info: Character protrusion enabled (level 2).
Package microtype Info: Using protrusion set `basicmath'.
Package microtype Info: Automatic font expansion enabled (level 2),
(microtype)             stretch: 20, shrink: 20, step: 1, non-selected.
Package microtype Info: Using default expansion set `basictext'.
LaTeX Info: Redefining \showhyphens on input line 157.
Package microtype Info: No adjustment of tracking.
Package microtype Info: No adjustment of interword spacing.
Package microtype Info: No adjustment of character kerning.
Package microtype Info: Loading generic protrusion settings for font family
(microtype)             `lmss' (encoding: T1).
(microtype)             For optimal results, create family-specific settings.
(microtype)             See the microtype manual for details.
(./Random-Forest-XGB.nav)
LaTeX Font Info:    Font shape `T1/lmss/m/it' in size <8> not available
(Font)              Font shape `T1/lmss/m/sl' tried instead on input line 158.
<logo-ITAM.png, id=13, 1505.625pt x 569.12625pt>
File: logo-ITAM.png Graphic file (type png)
<use logo-ITAM.png>
Package pdftex.def Info: logo-ITAM.png  used on input line 158.
(pdftex.def)             Requested size: 56.88351pt x 21.50197pt.

Package Fancyhdr Warning: \headheight is too small (0.0pt): 
Make it at least 25.102pt.
We now make it that large for the rest of the document.
This may cause the page layout to be inconsistent, however.

LaTeX Font Info:    Trying to load font information for T1+lmr on input line 15
8.
(/usr/local/texlive/2020/texmf-dist/tex/latex/lm/t1lmr.fd
File: t1lmr.fd 2009/10/30 v1.6 Font defs for Latin Modern
) (/usr/local/texlive/2020/texmf-dist/tex/latex/microtype/mt-cmr.cfg
File: mt-cmr.cfg 2013/05/19 v2.2 microtype config. file: Computer Modern Roman 
(RS)
)

Package Fancyhdr Warning: \footskip is too small (4.0pt): 
Make it at least 12.0pt.
We now make it that large for the rest of the document.
This may cause the page layout to be inconsistent, however.

[1{/usr/local/texlive/2020/texmf-var/fonts/map/pdftex/updmap/pdftex.map}

 <./logo-ITAM.png>]
LaTeX Font Info:    Trying to load font information for OT1+lmss on input line 
176.
(/usr/local/texlive/2020/texmf-dist/tex/latex/lm/ot1lmss.fd
File: ot1lmss.fd 2009/10/30 v1.6 Font defs for Latin Modern
)
Package microtype Info: Loading generic protrusion settings for font family
(microtype)             `lmss' (encoding: OT1).
(microtype)             For optimal results, create family-specific settings.
(microtype)             See the microtype manual for details.
LaTeX Font Info:    Trying to load font information for OML+lmm on input line 1
76.
(/usr/local/texlive/2020/texmf-dist/tex/latex/lm/omllmm.fd
File: omllmm.fd 2009/10/30 v1.6 Font defs for Latin Modern
)
LaTeX Font Info:    Trying to load font information for OMS+lmsy on input line 
176.
(/usr/local/texlive/2020/texmf-dist/tex/latex/lm/omslmsy.fd
File: omslmsy.fd 2009/10/30 v1.6 Font defs for Latin Modern
)
LaTeX Font Info:    Trying to load font information for OMX+lmex on input line 
176.
(/usr/local/texlive/2020/texmf-dist/tex/latex/lm/omxlmex.fd
File: omxlmex.fd 2009/10/30 v1.6 Font defs for Latin Modern
)
LaTeX Font Info:    External font `lmex10' loaded for size
(Font)              <10> on input line 176.
LaTeX Font Info:    External font `lmex10' loaded for size
(Font)              <7> on input line 176.
LaTeX Font Info:    External font `lmex10' loaded for size
(Font)              <5> on input line 176.
LaTeX Font Info:    Trying to load font information for U+msa on input line 176
.
(/usr/local/texlive/2020/texmf-dist/tex/latex/amsfonts/umsa.fd
File: umsa.fd 2013/01/14 v3.01 AMS symbols A
) (/usr/local/texlive/2020/texmf-dist/tex/latex/microtype/mt-msa.cfg
File: mt-msa.cfg 2006/02/04 v1.1 microtype config. file: AMS symbols (a) (RS)
)
LaTeX Font Info:    Trying to load font information for U+msb on input line 176
.
(/usr/local/texlive/2020/texmf-dist/tex/latex/amsfonts/umsb.fd
File: umsb.fd 2013/01/14 v3.01 AMS symbols B
) (/usr/local/texlive/2020/texmf-dist/tex/latex/microtype/mt-msb.cfg
File: mt-msb.cfg 2005/06/01 v1.0 microtype config. file: AMS symbols (b) (RS)
)
LaTeX Font Info:    Font shape `T1/lmss/m/it' in size <10> not available
(Font)              Font shape `T1/lmss/m/sl' tried instead on input line 176.
LaTeX Font Info:    Font shape `T1/lmss/m/it' in size <7> not available
(Font)              Font shape `T1/lmss/m/sl' tried instead on input line 176.
LaTeX Font Info:    Font shape `T1/lmss/m/it' in size <5> not available
(Font)              Font shape `T1/lmss/m/sl' tried instead on input line 176.
File: logo-ITAM.png Graphic file (type png)
<use logo-ITAM.png>
Package pdftex.def Info: logo-ITAM.png  used on input line 176.
(pdftex.def)             Requested size: 56.88351pt x 21.50197pt.
[2

]
File: logo-ITAM.png Graphic file (type png)
<use logo-ITAM.png>
Package pdftex.def Info: logo-ITAM.png  used on input line 201.
(pdftex.def)             Requested size: 56.88351pt x 21.50197pt.
[3

]
\openout4 = `Random-Forest-XGB.vrb'.

(./Random-Forest-XGB.vrb
LaTeX Font Info:    Trying to load font information for T1+lmtt on input line 1
0.
(/usr/local/texlive/2020/texmf-dist/tex/latex/lm/t1lmtt.fd
File: t1lmtt.fd 2009/10/30 v1.6 Font defs for Latin Modern
))
File: logo-ITAM.png Graphic file (type png)
<use logo-ITAM.png>
Package pdftex.def Info: logo-ITAM.png  used on input line 220.
(pdftex.def)             Requested size: 56.88351pt x 21.50197pt.
[4

]
File: logo-ITAM.png Graphic file (type png)
<use logo-ITAM.png>
Package pdftex.def Info: logo-ITAM.png  used on input line 235.
(pdftex.def)             Requested size: 56.88351pt x 21.50197pt.
[5

]
<cv_tree.png, id=59, 937.00063pt x 627.34375pt>
File: cv_tree.png Graphic file (type png)
<use cv_tree.png>
Package pdftex.def Info: cv_tree.png  used on input line 247.
(pdftex.def)             Requested size: 227.61555pt x 152.3939pt.
File: logo-ITAM.png Graphic file (type png)
<use logo-ITAM.png>
Package pdftex.def Info: logo-ITAM.png  used on input line 247.
(pdftex.def)             Requested size: 56.88351pt x 21.50197pt.
[6

 <./cv_tree.png>]
File: logo-ITAM.png Graphic file (type png)
<use logo-ITAM.png>
Package pdftex.def Info: logo-ITAM.png  used on input line 268.
(pdftex.def)             Requested size: 56.88351pt x 21.50197pt.
[7

]
File: logo-ITAM.png Graphic file (type png)
<use logo-ITAM.png>
Package pdftex.def Info: logo-ITAM.png  used on input line 286.
(pdftex.def)             Requested size: 56.88351pt x 21.50197pt.
[8

]
File: logo-ITAM.png Graphic file (type png)
<use logo-ITAM.png>
Package pdftex.def Info: logo-ITAM.png  used on input line 313.
(pdftex.def)             Requested size: 56.88351pt x 21.50197pt.
[9

]
File: logo-ITAM.png Graphic file (type png)
<use logo-ITAM.png>
Package pdftex.def Info: logo-ITAM.png  used on input line 319.
(pdftex.def)             Requested size: 56.88351pt x 21.50197pt.
[10

]
File: logo-ITAM.png Graphic file (type png)
<use logo-ITAM.png>
Package pdftex.def Info: logo-ITAM.png  used on input line 338.
(pdftex.def)             Requested size: 56.88351pt x 21.50197pt.
[11

]
File: logo-ITAM.png Graphic file (type png)
<use logo-ITAM.png>
Package pdftex.def Info: logo-ITAM.png  used on input line 356.
(pdftex.def)             Requested size: 56.88351pt x 21.50197pt.
[12

]
File: logo-ITAM.png Graphic file (type png)
<use logo-ITAM.png>
Package pdftex.def Info: logo-ITAM.png  used on input line 383.
(pdftex.def)             Requested size: 56.88351pt x 21.50197pt.
[13

]
File: logo-ITAM.png Graphic file (type png)
<use logo-ITAM.png>
Package pdftex.def Info: logo-ITAM.png  used on input line 401.
(pdftex.def)             Requested size: 56.88351pt x 21.50197pt.
[14

]
File: logo-ITAM.png Graphic file (type png)
<use logo-ITAM.png>
Package pdftex.def Info: logo-ITAM.png  used on input line 410.
(pdftex.def)             Requested size: 56.88351pt x 21.50197pt.
[15

]
File: logo-ITAM.png Graphic file (type png)
<use logo-ITAM.png>
Package pdftex.def Info: logo-ITAM.png  used on input line 426.
(pdftex.def)             Requested size: 56.88351pt x 21.50197pt.
[16

]
<Random-Forest-XGB_files/figure-beamer/unnamed-chunk-1-1.pdf, id=130, 712.6625p
t x 313.17pt>
File: Random-Forest-XGB_files/figure-beamer/unnamed-chunk-1-1.pdf Graphic file 
(type pdf)
<use Random-Forest-XGB_files/figure-beamer/unnamed-chunk-1-1.pdf>
Package pdftex.def Info: Random-Forest-XGB_files/figure-beamer/unnamed-chunk-1-
1.pdf  used on input line 436.
(pdftex.def)             Requested size: 307.2871pt x 135.03319pt.
File: logo-ITAM.png Graphic file (type png)
<use logo-ITAM.png>
Package pdftex.def Info: logo-ITAM.png  used on input line 436.
(pdftex.def)             Requested size: 56.88351pt x 21.50197pt.
[17

 <./Random-Forest-XGB_files/figure-beamer/unnamed-chunk-1-1.pdf>]
<var_imp_btc.png, id=144, 1656.1875pt x 1806.75pt>
File: var_imp_btc.png Graphic file (type png)
<use var_imp_btc.png>
Package pdftex.def Info: var_imp_btc.png  used on input line 447.
(pdftex.def)             Requested size: 130.40018pt x 142.25475pt.
File: logo-ITAM.png Graphic file (type png)
<use logo-ITAM.png>
Package pdftex.def Info: logo-ITAM.png  used on input line 447.
(pdftex.def)             Requested size: 56.88351pt x 21.50197pt.
[18

 <./var_imp_btc.png>]
File: logo-ITAM.png Graphic file (type png)
<use logo-ITAM.png>
Package pdftex.def Info: logo-ITAM.png  used on input line 482.
(pdftex.def)             Requested size: 56.88351pt x 21.50197pt.
[19

]
<OOB.png, id=160, 1001.24063pt x 903.87688pt>
File: OOB.png Graphic file (type png)
<use OOB.png>
Package pdftex.def Info: OOB.png  used on input line 489.
(pdftex.def)             Requested size: 227.6222pt x 205.48749pt.
File: logo-ITAM.png Graphic file (type png)
<use logo-ITAM.png>
Package pdftex.def Info: logo-ITAM.png  used on input line 489.
(pdftex.def)             Requested size: 56.88351pt x 21.50197pt.
[20

 <./OOB.png>]
<m.png, id=168, 871.75688pt x 629.35126pt>
File: m.png Graphic file (type png)
<use m.png>
Package pdftex.def Info: m.png  used on input line 496.
(pdftex.def)             Requested size: 227.62248pt x 164.32849pt.
LaTeX Font Info:    External font `lmex10' loaded for size
(Font)              <14.4> on input line 496.
LaTeX Font Info:    Font shape `T1/lmss/m/it' in size <14.4> not available
(Font)              Font shape `T1/lmss/m/sl' tried instead on input line 496.
File: logo-ITAM.png Graphic file (type png)
<use logo-ITAM.png>
Package pdftex.def Info: logo-ITAM.png  used on input line 496.
(pdftex.def)             Requested size: 56.88351pt x 21.50197pt.
[21

 <./m.png>]
\openout4 = `Random-Forest-XGB.vrb'.

(./Random-Forest-XGB.vrb)
File: logo-ITAM.png Graphic file (type png)
<use logo-ITAM.png>
Package pdftex.def Info: logo-ITAM.png  used on input line 526.
(pdftex.def)             Requested size: 56.88351pt x 21.50197pt.
[22

]
\openout4 = `Random-Forest-XGB.vrb'.

(./Random-Forest-XGB.vrb
LaTeX Font Info:    Trying to load font information for TS1+lmtt on input line 
19.
(/usr/local/texlive/2020/texmf-dist/tex/latex/lm/ts1lmtt.fd
File: ts1lmtt.fd 2009/10/30 v1.6 Font defs for Latin Modern
))
File: logo-ITAM.png Graphic file (type png)
<use logo-ITAM.png>
Package pdftex.def Info: logo-ITAM.png  used on input line 550.
(pdftex.def)             Requested size: 56.88351pt x 21.50197pt.
[23

]
\openout4 = `Random-Forest-XGB.vrb'.

(./Random-Forest-XGB.vrb)
File: logo-ITAM.png Graphic file (type png)
<use logo-ITAM.png>
Package pdftex.def Info: logo-ITAM.png  used on input line 563.
(pdftex.def)             Requested size: 56.88351pt x 21.50197pt.
[24

]
<ranger1.png, id=198, 1798.72pt x 858.70813pt>
File: ranger1.png Graphic file (type png)
<use ranger1.png>
Package pdftex.def Info: ranger1.png  used on input line 570.
(pdftex.def)             Requested size: 341.431pt x 162.99901pt.

Overfull \hbox (34.14113pt too wide) in paragraph at lines 570--570
 [] 
 []

File: logo-ITAM.png Graphic file (type png)
<use logo-ITAM.png>
Package pdftex.def Info: logo-ITAM.png  used on input line 570.
(pdftex.def)             Requested size: 56.88351pt x 21.50197pt.
[25

 <./ranger1.png>]
<ranger2.png, id=207, 1798.72pt x 1124.2pt>
File: ranger2.png Graphic file (type png)
<use ranger2.png>
Package pdftex.def Info: ranger2.png  used on input line 577.
(pdftex.def)             Requested size: 341.431pt x 213.39436pt.

Overfull \hbox (34.14113pt too wide) in paragraph at lines 577--577
 [] 
 []

File: logo-ITAM.png Graphic file (type png)
<use logo-ITAM.png>
Package pdftex.def Info: logo-ITAM.png  used on input line 577.
(pdftex.def)             Requested size: 56.88351pt x 21.50197pt.
[26

 <./ranger2.png>]
<ranger3.png, id=215, 1532.22438pt x 591.20876pt>
File: ranger3.png Graphic file (type png)
<use ranger3.png>
Package pdftex.def Info: ranger3.png  used on input line 584.
(pdftex.def)             Requested size: 341.41568pt x 131.73523pt.

Overfull \hbox (34.12581pt too wide) in paragraph at lines 584--584
 [] 
 []

File: logo-ITAM.png Graphic file (type png)
<use logo-ITAM.png>
Package pdftex.def Info: logo-ITAM.png  used on input line 584.
(pdftex.def)             Requested size: 56.88351pt x 21.50197pt.
[27

 <./ranger3.png>]
\openout4 = `Random-Forest-XGB.vrb'.

(./Random-Forest-XGB.vrb)
File: logo-ITAM.png Graphic file (type png)
<use logo-ITAM.png>
Package pdftex.def Info: logo-ITAM.png  used on input line 611.
(pdftex.def)             Requested size: 56.88351pt x 21.50197pt.
[28

]
<ca_arbol.png, id=229, 873.76437pt x 364.36125pt>
File: ca_arbol.png Graphic file (type png)
<use ca_arbol.png>
Package pdftex.def Info: ca_arbol.png  used on input line 618.
(pdftex.def)             Requested size: 341.43336pt x 142.3783pt.

Overfull \hbox (34.1435pt too wide) in paragraph at lines 618--618
 [] 
 []

File: logo-ITAM.png Graphic file (type png)
<use logo-ITAM.png>
Package pdftex.def Info: logo-ITAM.png  used on input line 618.
(pdftex.def)             Requested size: 56.88351pt x 21.50197pt.
[29

 <./ca_arbol.png>]
<arbol_ca.png, id=237, 884.30376pt x 481.8pt>
File: arbol_ca.png Graphic file (type png)
<use arbol_ca.png>
Package pdftex.def Info: arbol_ca.png  used on input line 625.
(pdftex.def)             Requested size: 341.43626pt x 186.02657pt.

Overfull \hbox (34.1464pt too wide) in paragraph at lines 625--625
 [] 
 []

File: logo-ITAM.png Graphic file (type png)
<use logo-ITAM.png>
Package pdftex.def Info: logo-ITAM.png  used on input line 625.
(pdftex.def)             Requested size: 56.88351pt x 21.50197pt.
[30

 <./arbol_ca.png>]
<Lasso_ca.png, id=245, 859.71187pt x 440.14438pt>
File: Lasso_ca.png Graphic file (type png)
<use Lasso_ca.png>
Package pdftex.def Info: Lasso_ca.png  used on input line 632.
(pdftex.def)             Requested size: 341.43867pt x 174.80544pt.

Overfull \hbox (34.1488pt too wide) in paragraph at lines 632--632
 [] 
 []

File: logo-ITAM.png Graphic file (type png)
<use logo-ITAM.png>
Package pdftex.def Info: logo-ITAM.png  used on input line 632.
(pdftex.def)             Requested size: 56.88351pt x 21.50197pt.
[31

 <./Lasso_ca.png>]
<rf_ca.png, id=254, 886.81313pt x 423.5825pt>
File: rf_ca.png Graphic file (type png)
<use rf_ca.png>
Package pdftex.def Info: rf_ca.png  used on input line 639.
(pdftex.def)             Requested size: 341.4444pt x 163.08946pt.

Overfull \hbox (34.15453pt too wide) in paragraph at lines 639--639
 [] 
 []

File: logo-ITAM.png Graphic file (type png)
<use logo-ITAM.png>
Package pdftex.def Info: logo-ITAM.png  used on input line 639.
(pdftex.def)             Requested size: 56.88351pt x 21.50197pt.
[32

 <./rf_ca.png>]
<comparativa.png, id=262, 888.82062pt x 411.03563pt>
File: comparativa.png Graphic file (type png)
<use comparativa.png>
Package pdftex.def Info: comparativa.png  used on input line 646.
(pdftex.def)             Requested size: 341.43073pt x 157.89484pt.

Overfull \hbox (34.14085pt too wide) in paragraph at lines 646--646
 [] 
 []

File: logo-ITAM.png Graphic file (type png)
<use logo-ITAM.png>
Package pdftex.def Info: logo-ITAM.png  used on input line 646.
(pdftex.def)             Requested size: 56.88351pt x 21.50197pt.
[33

 <./comparativa.png>]
File: logo-ITAM.png Graphic file (type png)
<use logo-ITAM.png>
Package pdftex.def Info: logo-ITAM.png  used on input line 672.
(pdftex.def)             Requested size: 56.88351pt x 21.50197pt.
[34

]
<boosting.png, id=276, 368.37625pt x 137.51375pt>
File: boosting.png Graphic file (type png)
<use boosting.png>
Package pdftex.def Info: boosting.png  used on input line 694.
(pdftex.def)             Requested size: 227.62083pt x 84.97017pt.
File: logo-ITAM.png Graphic file (type png)
<use logo-ITAM.png>
Package pdftex.def Info: logo-ITAM.png  used on input line 694.
(pdftex.def)             Requested size: 56.88351pt x 21.50197pt.
[35

 <./boosting.png>]
File: logo-ITAM.png Graphic file (type png)
<use logo-ITAM.png>
Package pdftex.def Info: logo-ITAM.png  used on input line 718.
(pdftex.def)             Requested size: 56.88351pt x 21.50197pt.
[36

]
File: logo-ITAM.png Graphic file (type png)
<use logo-ITAM.png>
Package pdftex.def Info: logo-ITAM.png  used on input line 746.
(pdftex.def)             Requested size: 56.88351pt x 21.50197pt.
[37

]
<adaboost.png, id=299, 566.115pt x 475.7775pt>
File: adaboost.png Graphic file (type png)
<use adaboost.png>
Package pdftex.def Info: adaboost.png  used on input line 753.
(pdftex.def)             Requested size: 256.07968pt x 215.2159pt.
File: logo-ITAM.png Graphic file (type png)
<use logo-ITAM.png>
Package pdftex.def Info: logo-ITAM.png  used on input line 753.
(pdftex.def)             Requested size: 56.88351pt x 21.50197pt.
[38

 <./adaboost.png>]
File: logo-ITAM.png Graphic file (type png)
<use logo-ITAM.png>
Package pdftex.def Info: logo-ITAM.png  used on input line 774.
(pdftex.def)             Requested size: 56.88351pt x 21.50197pt.
[39

]
<loss_functions.png, id=314, 921.4425pt x 158.09062pt>
File: loss_functions.png Graphic file (type png)
<use loss_functions.png>
Package pdftex.def Info: loss_functions.png  used on input line 784.
(pdftex.def)             Requested size: 284.51942pt x 48.81459pt.
File: logo-ITAM.png Graphic file (type png)
<use logo-ITAM.png>
Package pdftex.def Info: logo-ITAM.png  used on input line 784.
(pdftex.def)             Requested size: 56.88351pt x 21.50197pt.
[40

 <./loss_functions.png>]
File: logo-ITAM.png Graphic file (type png)
<use logo-ITAM.png>
Package pdftex.def Info: logo-ITAM.png  used on input line 820.
(pdftex.def)             Requested size: 56.88351pt x 21.50197pt.
[41

]
File: logo-ITAM.png Graphic file (type png)
<use logo-ITAM.png>
Package pdftex.def Info: logo-ITAM.png  used on input line 842.
(pdftex.def)             Requested size: 56.88351pt x 21.50197pt.
[42

]
File: logo-ITAM.png Graphic file (type png)
<use logo-ITAM.png>
Package pdftex.def Info: logo-ITAM.png  used on input line 862.
(pdftex.def)             Requested size: 56.88351pt x 21.50197pt.
[43

]
<d.png, id=342, 670.505pt x 598.73688pt>
File: d.png Graphic file (type png)
<use d.png>
Package pdftex.def Info: d.png  used on input line 869.
(pdftex.def)             Requested size: 227.62083pt x 203.25722pt.
File: logo-ITAM.png Graphic file (type png)
<use logo-ITAM.png>
Package pdftex.def Info: logo-ITAM.png  used on input line 869.
(pdftex.def)             Requested size: 56.88351pt x 21.50197pt.
[44

 <./d.png>]
<y_x.png, id=351, 517.43312pt x 343.78438pt>
File: y_x.png Graphic file (type png)
<use y_x.png>
Package pdftex.def Info: y_x.png  used on input line 886.
(pdftex.def)             Requested size: 170.71397pt x 113.42296pt.
File: logo-ITAM.png Graphic file (type png)
<use logo-ITAM.png>
Package pdftex.def Info: logo-ITAM.png  used on input line 886.
(pdftex.def)             Requested size: 56.88351pt x 21.50197pt.
[45

 <./y_x.png>]
<r_im.png, id=359, 506.89375pt x 331.73938pt>
File: r_im.png Graphic file (type png)
<use r_im.png>
Package pdftex.def Info: r_im.png  used on input line 899.
(pdftex.def)             Requested size: 170.7096pt x 111.72182pt.
File: logo-ITAM.png Graphic file (type png)
<use logo-ITAM.png>
Package pdftex.def Info: logo-ITAM.png  used on input line 899.
(pdftex.def)             Requested size: 56.88351pt x 21.50197pt.
[46

 <./r_im.png>]
<him.png, id=367, 723.20187pt x 238.39063pt>
File: him.png Graphic file (type png)
<use him.png>
Package pdftex.def Info: him.png  used on input line 911.
(pdftex.def)             Requested size: 284.5305pt x 93.7904pt.
File: logo-ITAM.png Graphic file (type png)
<use logo-ITAM.png>
Package pdftex.def Info: logo-ITAM.png  used on input line 911.
(pdftex.def)             Requested size: 56.88351pt x 21.50197pt.
[47

 <./him.png>]

Package amsmath Warning: Foreign command \atop;
(amsmath)                \frac or \genfrac should be used instead
(amsmath)                 on input line 926.

<f1.png, id=375, 511.41063pt x 325.215pt>
File: f1.png Graphic file (type png)
<use f1.png>
Package pdftex.def Info: f1.png  used on input line 926.
(pdftex.def)             Requested size: 170.71689pt x 108.56187pt.
File: logo-ITAM.png Graphic file (type png)
<use logo-ITAM.png>
Package pdftex.def Info: logo-ITAM.png  used on input line 926.
(pdftex.def)             Requested size: 56.88351pt x 21.50197pt.
[48

 <./f1.png>]
<r2.png, id=383, 554.57187pt x 326.21875pt>
File: r2.png Graphic file (type png)
<use r2.png>
Package pdftex.def Info: r2.png  used on input line 941.
(pdftex.def)             Requested size: 170.71388pt x 100.41992pt.
<hi2.png, id=384, 716.17563pt x 291.0875pt>
File: hi2.png Graphic file (type png)
<use hi2.png>
Package pdftex.def Info: hi2.png  used on input line 941.
(pdftex.def)             Requested size: 170.71637pt x 69.38716pt.
File: logo-ITAM.png Graphic file (type png)
<use logo-ITAM.png>
Package pdftex.def Info: logo-ITAM.png  used on input line 941.
(pdftex.def)             Requested size: 56.88351pt x 21.50197pt.
[49

 <./r2.png> <./hi2.png>]
<f2.png, id=394, 560.59438pt x 316.18124pt>
File: f2.png Graphic file (type png)
<use f2.png>
Package pdftex.def Info: f2.png  used on input line 953.
(pdftex.def)             Requested size: 170.72014pt x 96.28798pt.
File: logo-ITAM.png Graphic file (type png)
<use logo-ITAM.png>
Package pdftex.def Info: logo-ITAM.png  used on input line 953.
(pdftex.def)             Requested size: 56.88351pt x 21.50197pt.
[50

 <./f2.png>]
<gbm1.png, id=402, 567.11874pt x 297.11pt>
File: gbm1.png Graphic file (type png)
<use gbm1.png>
Package pdftex.def Info: gbm1.png  used on input line 962.
(pdftex.def)             Requested size: 284.53651pt x 149.06691pt.
File: logo-ITAM.png Graphic file (type png)
<use logo-ITAM.png>
Package pdftex.def Info: logo-ITAM.png  used on input line 962.
(pdftex.def)             Requested size: 56.88351pt x 21.50197pt.
[51

 <./gbm1.png>]
<gbm2_4.png, id=410, 560.59438pt x 444.15938pt>
File: gbm2_4.png Graphic file (type png)
<use gbm2_4.png>
Package pdftex.def Info: gbm2_4.png  used on input line 971.
(pdftex.def)             Requested size: 227.62114pt x 180.3444pt.
File: logo-ITAM.png Graphic file (type png)
<use logo-ITAM.png>
Package pdftex.def Info: logo-ITAM.png  used on input line 971.
(pdftex.def)             Requested size: 56.88351pt x 21.50197pt.
[52

 <./gbm2_4.png>]
<gbm5_6.png, id=418, 554.57187pt x 301.62688pt>
File: gbm5_6.png Graphic file (type png)
<use gbm5_6.png>
Package pdftex.def Info: gbm5_6.png  used on input line 980.
(pdftex.def)             Requested size: 284.52878pt x 154.75275pt.
File: logo-ITAM.png Graphic file (type png)
<use logo-ITAM.png>
Package pdftex.def Info: logo-ITAM.png  used on input line 980.
(pdftex.def)             Requested size: 56.88351pt x 21.50197pt.
[53

 <./gbm5_6.png>]
File: logo-ITAM.png Graphic file (type png)
<use logo-ITAM.png>
Package pdftex.def Info: logo-ITAM.png  used on input line 998.
(pdftex.def)             Requested size: 56.88351pt x 21.50197pt.
[54

]
File: logo-ITAM.png Graphic file (type png)
<use logo-ITAM.png>
Package pdftex.def Info: logo-ITAM.png  used on input line 1011.
(pdftex.def)             Requested size: 56.88351pt x 21.50197pt.
[55

]
File: logo-ITAM.png Graphic file (type png)
<use logo-ITAM.png>
Package pdftex.def Info: logo-ITAM.png  used on input line 1023.
(pdftex.def)             Requested size: 56.88351pt x 21.50197pt.
[56

]
\openout4 = `Random-Forest-XGB.vrb'.

(./Random-Forest-XGB.vrb
<gbm_r.png, id=445, 1798.72pt x 1124.2pt>
File: gbm_r.png Graphic file (type png)
<use gbm_r.png>
Package pdftex.def Info: gbm_r.png  used on input line 6.
(pdftex.def)             Requested size: 284.50754pt x 177.8172pt.
)
File: logo-ITAM.png Graphic file (type png)
<use logo-ITAM.png>
Package pdftex.def Info: logo-ITAM.png  used on input line 1032.
(pdftex.def)             Requested size: 56.88351pt x 21.50197pt.
[57

 <./gbm_r.png>]
\openout4 = `Random-Forest-XGB.vrb'.

(./Random-Forest-XGB.vrb
<gbm_r2.png, id=453, 1798.72pt x 1124.2pt>
File: gbm_r2.png Graphic file (type png)
<use gbm_r2.png>
Package pdftex.def Info: gbm_r2.png  used on input line 6.
(pdftex.def)             Requested size: 284.50754pt x 177.8172pt.
)
File: logo-ITAM.png Graphic file (type png)
<use logo-ITAM.png>
Package pdftex.def Info: logo-ITAM.png  used on input line 1041.
(pdftex.def)             Requested size: 56.88351pt x 21.50197pt.
[58

 <./gbm_r2.png>]
\openout4 = `Random-Forest-XGB.vrb'.

(./Random-Forest-XGB.vrb
<Random-Forest-XGB_files/figure-beamer/unnamed-chunk-6-1.pdf, id=461, 296.10625
pt x 147.55125pt>
File: Random-Forest-XGB_files/figure-beamer/unnamed-chunk-6-1.pdf Graphic file 
(type pdf)
<use Random-Forest-XGB_files/figure-beamer/unnamed-chunk-6-1.pdf>
Package pdftex.def Info: Random-Forest-XGB_files/figure-beamer/unnamed-chunk-6-
1.pdf  used on input line 20.
(pdftex.def)             Requested size: 296.11003pt x 147.55312pt.
)
Overfull \vbox (55.20923pt too high) detected at line 1063
 []

File: logo-ITAM.png Graphic file (type png)
<use logo-ITAM.png>
Package pdftex.def Info: logo-ITAM.png  used on input line 1063.
(pdftex.def)             Requested size: 56.88351pt x 21.50197pt.
[59

 <./Random-Forest-XGB_files/figure-beamer/unnamed-chunk-6-1.pdf>]
\openout4 = `Random-Forest-XGB.vrb'.

(./Random-Forest-XGB.vrb
<Random-Forest-XGB_files/figure-beamer/unnamed-chunk-7-1.pdf, id=476, 265.99374
pt x 140.525pt>
File: Random-Forest-XGB_files/figure-beamer/unnamed-chunk-7-1.pdf Graphic file 
(type pdf)
<use Random-Forest-XGB_files/figure-beamer/unnamed-chunk-7-1.pdf>
Package pdftex.def Info: Random-Forest-XGB_files/figure-beamer/unnamed-chunk-7-
1.pdf  used on input line 9.
(pdftex.def)             Requested size: 266.00931pt x 140.53322pt.
)
Overfull \vbox (6.18933pt too high) detected at line 1084
 []

File: logo-ITAM.png Graphic file (type png)
<use logo-ITAM.png>
Package pdftex.def Info: logo-ITAM.png  used on input line 1084.
(pdftex.def)             Requested size: 56.88351pt x 21.50197pt.
[60

 <./Random-Forest-XGB_files/figure-beamer/unnamed-chunk-7-1.pdf>]
\openout4 = `Random-Forest-XGB.vrb'.

(./Random-Forest-XGB.vrb)
File: logo-ITAM.png Graphic file (type png)
<use logo-ITAM.png>
Package pdftex.def Info: logo-ITAM.png  used on input line 1102.
(pdftex.def)             Requested size: 56.88351pt x 21.50197pt.
[61

]
\openout4 = `Random-Forest-XGB.vrb'.

(./Random-Forest-XGB.vrb)
File: logo-ITAM.png Graphic file (type png)
<use logo-ITAM.png>
Package pdftex.def Info: logo-ITAM.png  used on input line 1135.
(pdftex.def)             Requested size: 56.88351pt x 21.50197pt.
[62

]
\openout4 = `Random-Forest-XGB.vrb'.

(./Random-Forest-XGB.vrb)
File: logo-ITAM.png Graphic file (type png)
<use logo-ITAM.png>
Package pdftex.def Info: logo-ITAM.png  used on input line 1156.
(pdftex.def)             Requested size: 56.88351pt x 21.50197pt.
[63

]
\openout4 = `Random-Forest-XGB.vrb'.

(./Random-Forest-XGB.vrb)
File: logo-ITAM.png Graphic file (type png)
<use logo-ITAM.png>
Package pdftex.def Info: logo-ITAM.png  used on input line 1179.
(pdftex.def)             Requested size: 56.88351pt x 21.50197pt.
[64

]
\openout4 = `Random-Forest-XGB.vrb'.

(./Random-Forest-XGB.vrb)
File: logo-ITAM.png Graphic file (type png)
<use logo-ITAM.png>
Package pdftex.def Info: logo-ITAM.png  used on input line 1205.
(pdftex.def)             Requested size: 56.88351pt x 21.50197pt.
[65

]
\openout4 = `Random-Forest-XGB.vrb'.

(./Random-Forest-XGB.vrb
LaTeX Font Info:    Font shape `T1/lmtt/bx/n' in size <10> not available
(Font)              Font shape `T1/lmtt/b/n' tried instead on input line 7.
)
File: logo-ITAM.png Graphic file (type png)
<use logo-ITAM.png>
Package pdftex.def Info: logo-ITAM.png  used on input line 1226.
(pdftex.def)             Requested size: 56.88351pt x 21.50197pt.
[66

]
\openout4 = `Random-Forest-XGB.vrb'.

(./Random-Forest-XGB.vrb

LaTeX Font Warning: Font shape `T1/lmtt/bx/it' in size <10> not available
(Font)              Font shape `T1/lmtt/b/sl' tried instead on input line 5.

)
File: logo-ITAM.png Graphic file (type png)
<use logo-ITAM.png>
Package pdftex.def Info: logo-ITAM.png  used on input line 1245.
(pdftex.def)             Requested size: 56.88351pt x 21.50197pt.
[67

]
<xgb_tuning.png, id=536, 1274.26062pt x 438.13687pt>
File: xgb_tuning.png Graphic file (type png)
<use xgb_tuning.png>
Package pdftex.def Info: xgb_tuning.png  used on input line 1252.
(pdftex.def)             Requested size: 284.51859pt x 97.82776pt.
File: logo-ITAM.png Graphic file (type png)
<use logo-ITAM.png>
Package pdftex.def Info: logo-ITAM.png  used on input line 1252.
(pdftex.def)             Requested size: 56.88351pt x 21.50197pt.
[68

 <./xgb_tuning.png>]
\tf@nav=\write6
\openout6 = `Random-Forest-XGB.nav'.

\tf@toc=\write7
\openout7 = `Random-Forest-XGB.toc'.

\tf@snm=\write8
\openout8 = `Random-Forest-XGB.snm'.

Package atveryend Info: Empty hook `BeforeClearDocument' on input line 1254.
Package atveryend Info: Empty hook `AfterLastShipout' on input line 1254.
(./Random-Forest-XGB.aux)
Package atveryend Info: Executing hook `AtVeryEndDocument' on input line 1254.
Package atveryend Info: Empty hook `AtEndAfterFileList' on input line 1254.
 ) 
Here is how much of TeX's memory you used:
 24530 strings out of 480608
 441438 string characters out of 5903631
 701027 words of memory out of 5000000
 39559 multiletter control sequences out of 15000+600000
 586570 words of font info for 91 fonts, out of 8000000 for 9000
 1141 hyphenation exceptions out of 8191
 58i,15n,67p,805b,419s stack positions out of 5000i,500n,10000p,200000b,80000s
{/usr/local/texlive/2020/texmf-dist/fonts/enc/dvips/lm/lm-ec.enc}{/usr/local/
texlive/2020/texmf-dist/fonts/enc/dvips/lm/lm-mathsy.enc}{/usr/local/texlive/20
20/texmf-dist/fonts/enc/dvips/lm/lm-mathit.enc}{/usr/local/texlive/2020/texmf-d
ist/fonts/enc/dvips/lm/lm-ts1.enc}{/usr/local/texlive/2020/texmf-dist/fonts/enc
/dvips/lm/lm-mathex.enc}{/usr/local/texlive/2020/texmf-dist/fonts/enc/dvips/lm/
lm-rm.enc}</usr/local/texlive/2020/texmf-dist/fonts/type1/public/lm/lmex10.pfb>
</usr/local/texlive/2020/texmf-dist/fonts/type1/public/lm/lmmi10.pfb></usr/loca
l/texlive/2020/texmf-dist/fonts/type1/public/lm/lmmi7.pfb></usr/local/texlive/2
020/texmf-dist/fonts/type1/public/lm/lmr10.pfb></usr/local/texlive/2020/texmf-d
ist/fonts/type1/public/lm/lmss10.pfb></usr/local/texlive/2020/texmf-dist/fonts/
type1/public/lm/lmss12.pfb></usr/local/texlive/2020/texmf-dist/fonts/type1/publ
ic/lm/lmss8.pfb></usr/local/texlive/2020/texmf-dist/fonts/type1/public/lm/lmssb
x10.pfb></usr/local/texlive/2020/texmf-dist/fonts/type1/public/lm/lmsso10.pfb><
/usr/local/texlive/2020/texmf-dist/fonts/type1/public/lm/lmsso12.pfb></usr/loca
l/texlive/2020/texmf-dist/fonts/type1/public/lm/lmsso8.pfb></usr/local/texlive/
2020/texmf-dist/fonts/type1/public/lm/lmsy10.pfb></usr/local/texlive/2020/texmf
-dist/fonts/type1/public/lm/lmsy5.pfb></usr/local/texlive/2020/texmf-dist/fonts
/type1/public/lm/lmsy7.pfb></usr/local/texlive/2020/texmf-dist/fonts/type1/publ
ic/lm/lmtk10.pfb></usr/local/texlive/2020/texmf-dist/fonts/type1/public/lm/lmtk
o10.pfb></usr/local/texlive/2020/texmf-dist/fonts/type1/public/lm/lmtt10.pfb></
usr/local/texlive/2020/texmf-dist/fonts/type1/public/lm/lmtt12.pfb></usr/local/
texlive/2020/texmf-dist/fonts/type1/public/lm/lmtti10.pfb></usr/local/texlive/2
020/texmf-dist/fonts/type1/public/amsfonts/symbols/msam10.pfb>
Output written on Random-Forest-XGB.pdf (68 pages, 9882760 bytes).
PDF statistics:
 661 PDF objects out of 1000 (max. 8388607)
 491 compressed objects within 5 object streams
 204 named destinations out of 1000 (max. 500000)
 12496 words of extra memory for PDF output out of 14400 (max. 10000000)

